<?xml version="1.0" encoding="UTF-8"?>
<!-- Generated by org.testng.reporters.JUnitReportReporter -->
<testsuite hostname="DESKTOP-F8LIS96" failures="0" tests="1" name="kiteAPPTESTCLASSES.KiteUnitTestUsingProperty" time="5.863" errors="0" timestamp="2022-06-23T14:34:51 IST" skipped="0">
  <testcase classname="kiteAPPTESTCLASSES.KiteUnitTestUsingProperty" name="ValidateUserName" time="5.863"/>
  <system-out>
    <![CDATA[Actual and expected userid are matching,TC is passed ]]>
  </system-out>
</testsuite> <!-- kiteAPPTESTCLASSES.KiteUnitTestUsingProperty -->
