<?xml version="1.0" encoding="UTF-8"?>
<!-- Generated by org.testng.reporters.JUnitReportReporter -->
<testsuite hostname="DESKTOP-F8LIS96" failures="0" tests="3" name="testngpractice.Enabled" time="0.025" errors="0" timestamp="2022-06-24T15:23:02 IST" skipped="1">
  <testcase classname="testngpractice.Enabled" name="A" time="0.022"/>
  <system-out>
    <![CDATA[a is running tc is passed]]>
  </system-out>
  <testcase classname="testngpractice.Enabled" name="B" time="0.003"/>
  <system-out>
    <![CDATA[b is running tc is passed]]>
  </system-out>
  <testcase classname="testngpractice.Enabled" name="C">
    <skipped/>
  </testcase> <!-- C -->
  <system-out/>
</testsuite> <!-- testngpractice.Enabled -->
