<?xml version="1.0" encoding="UTF-8"?>
<!-- Generated by org.testng.reporters.JUnitReportReporter -->
<testsuite hostname="DESKTOP-F8LIS96" failures="0" tests="1" name="xmlfile.mytest4" time="0.004" errors="0" timestamp="2022-06-14T19:19:34 IST" skipped="0">
  <testcase classname="xmlfile.mytest4" name="method6" time="0.004"/>
  <system-out>
    <![CDATA[my method6 regression is running]]>
  </system-out>
</testsuite> <!-- xmlfile.mytest4 -->
