<?xml version="1.0" encoding="UTF-8"?>
<!-- Generated by org.testng.reporters.JUnitReportReporter -->
<testsuite hostname="DESKTOP-F8LIS96" failures="0" tests="1" name="verifecationusingTESTNG.AssertTrueANDassertFalse" time="0.029" errors="0" timestamp="2022-06-15T14:55:10 IST" skipped="0">
  <testcase classname="verifecationusingTESTNG.AssertTrueANDassertFalse" name="mymethod" time="0.029"/>
  <system-out>
    <![CDATA[value is false TC is passed]]>
  </system-out>
</testsuite> <!-- verifecationusingTESTNG.AssertTrueANDassertFalse -->
