<?xml version="1.0" encoding="UTF-8"?>
<!-- Generated by org.testng.reporters.JUnitReportReporter -->
<testsuite hostname="DESKTOP-F8LIS96" failures="0" tests="4" name="testngpractice.Priority" time="0.036" errors="0" timestamp="2022-06-24T15:33:00 IST" skipped="0">
  <testcase classname="testngpractice.Priority" name="d" time="0.020"/>
  <system-out>
    <![CDATA[d is running tc is passed]]>
  </system-out>
  <testcase classname="testngpractice.Priority" name="b" time="0.004"/>
  <system-out>
    <![CDATA[b is running tc is passed]]>
  </system-out>
  <testcase classname="testngpractice.Priority" name="a" time="0.006"/>
  <system-out>
    <![CDATA[a is running tc is passed]]>
  </system-out>
  <testcase classname="testngpractice.Priority" name="c" time="0.006"/>
  <system-out>
    <![CDATA[c is running tc is passed]]>
  </system-out>
</testsuite> <!-- testngpractice.Priority -->
