<?xml version="1.0" encoding="UTF-8"?>
<!-- Generated by org.testng.reporters.JUnitReportReporter -->
<testsuite hostname="DESKTOP-F8LIS96" failures="0" tests="2" name="xmlfile.mytest3" time="0.018" errors="0" timestamp="2022-06-14T19:19:34 IST" skipped="0">
  <testcase classname="xmlfile.mytest3" name="method5" time="0.002"/>
  <system-out>
    <![CDATA[my method5 regression is running]]>
  </system-out>
  <testcase classname="xmlfile.mytest3" name="method3" time="0.016"/>
  <system-out>
    <![CDATA[my method3 regression is running]]>
  </system-out>
</testsuite> <!-- xmlfile.mytest3 -->
