<?xml version="1.0" encoding="UTF-8"?>
<!-- Generated by org.testng.reporters.JUnitReportReporter -->
<testsuite hostname="DESKTOP-F8LIS96" failures="0" tests="1" name="kitewithexel.TestNGCLASS" time="6.780" errors="0" timestamp="2022-06-22T21:15:51 IST" skipped="0">
  <testcase classname="kitewithexel.TestNGCLASS" name="Validateuserid" time="6.780"/>
  <system-out>
    <![CDATA[testcase is passed]]>
  </system-out>
</testsuite> <!-- kitewithexel.TestNGCLASS -->
