<?xml version="1.0" encoding="UTF-8"?>
<!-- Generated by org.testng.reporters.JUnitReportReporter -->
<testsuite hostname="DESKTOP-F8LIS96" failures="0" tests="1" name="verifecationusingTESTNG.Assertequal" time="0.020" errors="0" timestamp="2022-06-29T16:26:21 IST" skipped="0">
  <testcase classname="verifecationusingTESTNG.Assertequal" name="method2" time="0.020"/>
  <system-out>
    <![CDATA[Strings are  matching TC is PASSED]]>
  </system-out>
</testsuite> <!-- verifecationusingTESTNG.Assertequal -->
