<?xml version="1.0" encoding="UTF-8"?>
<!-- Generated by org.testng.reporters.JUnitReportReporter -->
<testsuite hostname="DESKTOP-F8LIS96" failures="0" tests="2" name="kiteWithCROSSBROWSER.TestNGCLASS" time="13.632" errors="0" timestamp="2022-06-20T23:21:10 IST" skipped="0">
  <testcase classname="kiteWithCROSSBROWSER.TestNGCLASS" name="Validateuserid" time="6.569"/>
  <system-out>
    <![CDATA[testcase is passed]]>
  </system-out>
  <testcase classname="kiteWithCROSSBROWSER.TestNGCLASS" name="Validateuserid" time="7.063"/>
  <system-out>
    <![CDATA[testcase is passed]]>
  </system-out>
</testsuite> <!-- kiteWithCROSSBROWSER.TestNGCLASS -->
