<?xml version="1.0" encoding="UTF-8"?>
<!-- Generated by org.testng.reporters.JUnitReportReporter -->
<testsuite hostname="DESKTOP-F8LIS96" failures="0" tests="2" name="testNGkeyword.Dependson" time="0.042" errors="0" timestamp="2022-06-13T21:24:48 IST" skipped="0">
  <testcase classname="testNGkeyword.Dependson" name="B" time="0.012"/>
  <system-out>
    <![CDATA[B is running]]>
  </system-out>
  <testcase classname="testNGkeyword.Dependson" name="A" time="0.030"/>
  <system-out>
    <![CDATA[A is running]]>
  </system-out>
</testsuite> <!-- testNGkeyword.Dependson -->
