<?xml version="1.0" encoding="UTF-8"?>
<!-- Generated by org.testng.reporters.JUnitReportReporter -->
<testsuite hostname="DESKTOP-F8LIS96" failures="0" tests="1" name="verifecationusingTESTNG.ASSERTNULL" time="0.044" errors="0" timestamp="2022-06-15T14:47:30 IST" skipped="0">
  <testcase classname="verifecationusingTESTNG.ASSERTNULL" name="method2" time="0.044"/>
  <system-out>
    <![CDATA[value is not null tc is PASSED]]>
  </system-out>
</testsuite> <!-- verifecationusingTESTNG.ASSERTNULL -->
