<?xml version="1.0" encoding="UTF-8"?>
<!-- Generated by org.testng.reporters.JUnitReportReporter -->
<testsuite hostname="DESKTOP-F8LIS96" failures="0" tests="2" name="testnglistnersindiffway.PuneTest" time="0.026" errors="0" timestamp="2022-06-23T22:10:33 IST" skipped="0">
  <testcase classname="testnglistnersindiffway.PuneTest" name="shivajinagar" time="0.019"/>
  <system-out>
    <![CDATA[ssjivajinagar  tc is running
testcase is sucess]]>
  </system-out>
  <testcase classname="testnglistnersindiffway.PuneTest" name="swargate" time="0.007"/>
  <system-out>
    <![CDATA[swargate tc is running
testcase is sucess]]>
  </system-out>
</testsuite> <!-- testnglistnersindiffway.PuneTest -->
