<?xml version="1.0" encoding="UTF-8"?>
<!-- Generated by org.testng.reporters.JUnitReportReporter -->
<testsuite hostname="DESKTOP-F8LIS96" failures="0" tests="2" name="testnglistnersindiffway.Mumbai" time="0.006" errors="0" timestamp="2022-06-23T22:10:33 IST" skipped="0">
  <testcase classname="testnglistnersindiffway.Mumbai" name="ghansoli" time="0.003"/>
  <system-out>
    <![CDATA[ghansoli is running
testcase is sucess]]>
  </system-out>
  <testcase classname="testnglistnersindiffway.Mumbai" name="sanpada" time="0.003"/>
  <system-out>
    <![CDATA[sanpada tc is running
testcase is sucess]]>
  </system-out>
</testsuite> <!-- testnglistnersindiffway.Mumbai -->
