<?xml version="1.0" encoding="UTF-8"?>
<!-- Generated by org.testng.reporters.JUnitReportReporter -->
<testsuite hostname="DESKTOP-F8LIS96" failures="0" tests="3" name="testNGkeyword.INVOCATION_COUNT_USE" time="0.044" errors="0" timestamp="2022-06-12T21:45:25 IST" skipped="0">
  <testcase classname="testNGkeyword.INVOCATION_COUNT_USE" name="Mymethod" time="0.005"/>
  <system-out>
    <![CDATA[my method is running]]>
  </system-out>
  <testcase classname="testNGkeyword.INVOCATION_COUNT_USE" name="Mymethod" time="0.022"/>
  <system-out>
    <![CDATA[my method is running]]>
  </system-out>
  <testcase classname="testNGkeyword.INVOCATION_COUNT_USE" name="Mymethod" time="0.017"/>
  <system-out>
    <![CDATA[my method is running]]>
  </system-out>
</testsuite> <!-- testNGkeyword.INVOCATION_COUNT_USE -->
