<?xml version="1.0" encoding="UTF-8"?>
<!-- Generated by org.testng.reporters.JUnitReportReporter -->
<testsuite hostname="DESKTOP-F8LIS96" failures="0" tests="3" name="testNG.firsttestngcls" time="133.558" errors="0" timestamp="2022-06-29T12:48:31 IST" skipped="0">
  <testcase classname="testNG.firsttestngcls" name="mymethod1" time="71.690"/>
  <system-out>
    <![CDATA[flipkart page is running]]>
  </system-out>
  <testcase classname="testNG.firsttestngcls" name="mymethod2" time="28.197"/>
  <system-out>
    <![CDATA[google meet is running]]>
  </system-out>
  <testcase classname="testNG.firsttestngcls" name="mymethod" time="33.671"/>
  <system-out>
    <![CDATA[mymethod is running]]>
  </system-out>
</testsuite> <!-- testNG.firsttestngcls -->
