<?xml version="1.0" encoding="UTF-8"?>
<!-- Generated by org.testng.reporters.JUnitReportReporter -->
<testsuite hostname="DESKTOP-F8LIS96" failures="0" tests="4" name="testngpractice.envocationcount" time="0.035" errors="0" timestamp="2022-06-24T15:27:15 IST" skipped="0">
  <testcase classname="testngpractice.envocationcount" name="f" time="0.007"/>
  <system-out>
    <![CDATA[f is running]]>
  </system-out>
  <testcase classname="testngpractice.envocationcount" name="f" time="0.008"/>
  <system-out>
    <![CDATA[f is running]]>
  </system-out>
  <testcase classname="testngpractice.envocationcount" name="f" time="0.018"/>
  <system-out>
    <![CDATA[f is running]]>
  </system-out>
  <testcase classname="testngpractice.envocationcount" name="g" time="0.002"/>
  <system-out>
    <![CDATA[g is running]]>
  </system-out>
</testsuite> <!-- testngpractice.envocationcount -->
