<?xml version="1.0" encoding="UTF-8"?>
<!-- Generated by org.testng.reporters.JUnitReportReporter -->
<testsuite hostname="DESKTOP-F8LIS96" failures="0" tests="2" name="testNG.Annotationstudy" time="0.028" errors="0" timestamp="2022-06-12T21:25:08 IST" skipped="0">
  <testcase classname="testNG.Annotationstudy" name="myTest4" time="0.011"/>
  <system-out>
    <![CDATA[test  method1 is running]]>
  </system-out>
  <testcase classname="testNG.Annotationstudy" name="myTest3" time="0.017"/>
  <system-out>
    <![CDATA[test method is running]]>
  </system-out>
</testsuite> <!-- testNG.Annotationstudy -->
