<?xml version="1.0" encoding="UTF-8"?>
<!-- Generated by org.testng.reporters.JUnitReportReporter -->
<testsuite hostname="DESKTOP-F8LIS96" failures="0" tests="3" name="sequencially.sequence_testng" time="165.351" errors="0" timestamp="2022-06-14T20:15:04 IST" skipped="0">
  <testcase classname="sequencially.sequence_testng" name="method2" time="45.298"/>
  <system-out>
    <![CDATA[my method1 is running]]>
  </system-out>
  <testcase classname="sequencially.sequence_testng" name="method3" time="72.878"/>
  <system-out>
    <![CDATA[my method1 is running]]>
  </system-out>
  <testcase classname="sequencially.sequence_testng" name="method1" time="47.175"/>
  <system-out>
    <![CDATA[my method1 is running]]>
  </system-out>
</testsuite> <!-- sequencially.sequence_testng -->
