<?xml version="1.0" encoding="UTF-8"?>
<!-- Generated by org.testng.reporters.JUnitReportReporter -->
<testsuite hostname="DESKTOP-F8LIS96" failures="0" tests="3" name="testNGkeyword.PRIORITY" time="0.023" errors="0" timestamp="2022-06-13T21:21:45 IST" skipped="0">
  <testcase classname="testNGkeyword.PRIORITY" name="B" time="0.018"/>
  <system-out>
    <![CDATA[B is running]]>
  </system-out>
  <testcase classname="testNGkeyword.PRIORITY" name="C" time="0.003"/>
  <system-out>
    <![CDATA[C is running]]>
  </system-out>
  <testcase classname="testNGkeyword.PRIORITY" name="A" time="0.002"/>
  <system-out>
    <![CDATA[A is running]]>
  </system-out>
</testsuite> <!-- testNGkeyword.PRIORITY -->
