<?xml version="1.0" encoding="UTF-8"?>
<!-- Generated by org.testng.reporters.JUnitReportReporter -->
<testsuite hostname="DESKTOP-F8LIS96" failures="0" tests="1" name="kiteAPPTESTCLASSES.validateuserID" time="9.971" errors="0" timestamp="2022-06-23T14:26:26 IST" skipped="0">
  <testcase classname="kiteAPPTESTCLASSES.validateuserID" name="validateusername" time="9.971"/>
  <system-out>
    <![CDATA[username are matching testcase is passed]]>
  </system-out>
</testsuite> <!-- kiteAPPTESTCLASSES.validateuserID -->
