<?xml version="1.0" encoding="UTF-8"?>
<!-- Generated by org.testng.reporters.JUnitReportReporter -->
<testsuite hostname="DESKTOP-F8LIS96" failures="0" tests="4" name="testNGkeyword.PRIORITYUSE" time="0.053" errors="0" timestamp="2022-06-12T22:00:46 IST" skipped="0">
  <testcase classname="testNGkeyword.PRIORITYUSE" name="C" time="0.029"/>
  <system-out>
    <![CDATA[C is running]]>
  </system-out>
  <testcase classname="testNGkeyword.PRIORITYUSE" name="B" time="0.012"/>
  <system-out>
    <![CDATA[B is running]]>
  </system-out>
  <testcase classname="testNGkeyword.PRIORITYUSE" name="A" time="0.009"/>
  <system-out>
    <![CDATA[A is running]]>
  </system-out>
  <testcase classname="testNGkeyword.PRIORITYUSE" name="D" time="0.003"/>
  <system-out>
    <![CDATA[D is running]]>
  </system-out>
</testsuite> <!-- testNGkeyword.PRIORITYUSE -->
